<?xml version="1.0" encoding="UTF-8"?>
<!-- Generated by org.testng.reporters.JUnitReportReporter -->
<testsuite skipped="0" hostname="Dell-PC" name="pck1.RCB" tests="2" failures="0" timestamp="2023-01-29T22:48:14 IST" time="0.013" errors="0">
  <testcase name="tc1" time="0.011" classname="pck1.RCB"/>
  <system-out/>
  <testcase name="tc2" time="0.002" classname="pck1.RCB"/>
  <system-out/>
</testsuite> <!-- pck1.RCB -->
